<?xml version="1.0" encoding="UTF-8"?>
<!-- Generated by org.testng.reporters.JUnitXMLReporter -->
<testsuite hostname="stycz-SATELLITE-L850-11D" ignored="0" tests="4" failures="0" timestamp="17 Jan 2018 21:12:25 GMT" time="13.073" errors="0">
  <testcase name="testIfInitialValueForTrPrize32Is200" time="0.086" classname="MachineWinChartTest"/>
  <testcase name="testIfInitialValueForTrPrize33IsNot100" time="0.071" classname="MachineWinChartTest"/>
  <testcase name="testIfInitialValuesInWinChartAreCorrect" time="0.209" classname="MachineWinChartTest"/>
  <testcase name="testIfWhenBetIs3AllValuesFromWinChartAreTripled" time="1.033" classname="MachineWinChartTest"/>
</testsuite>
