<?xml version="1.0" encoding="UTF-8"?>
<!-- Generated by org.testng.reporters.JUnitXMLReporter -->
<testsuite hostname="stycz-SATELLITE-L850-11D" ignored="0" tests="4" failures="0" timestamp="17 Jan 2018 21:12:12 GMT" time="23.312" errors="0">
  <testcase name="testIfWinLastWinFieldWillNotBeEmpty" time="6.364" classname="MachineGameTest"/>
  <testcase name="testWhenBetValueIs1AfterSpinClickTotalSpinCounterWillBeChangedBy1" time="1.324" classname="MachineGameTest"/>
  <testcase name="testWhenBetValueIs4AfterSpinClickTotalSpinCounterWillNotBeChangedBy2" time="1.402" classname="MachineGameTest"/>
  <testcase name="testWhenGameIsInProgressSpinButtonCanNotBeClicked" time="0.694" classname="MachineGameTest"/>
</testsuite>
