<?xml version="1.0" encoding="UTF-8"?>
<!-- Generated by org.testng.reporters.JUnitXMLReporter -->
<testsuite hostname="stycz-SATELLITE-L850-11D" ignored="0" tests="6" failures="0" timestamp="17 Jan 2018 21:13:46 GMT" time="66.903" errors="0">
  <testcase name="testIf10IsTheMaximumBetValue" time="13.698" classname="MachineBetTest"/>
  <testcase name="testIf1IsTheMinimumBetValue" time="4.096" classname="MachineBetTest"/>
  <testcase name="testIf8ClicksBetSpinUpAnd3BetSpinDownBetValueIs6" time="17.298" classname="MachineBetTest"/>
  <testcase name="testIfAfter4ClicksBetSpinUpBetValueIsNot4" time="5.33" classname="MachineBetTest"/>
  <testcase name="testIfAfterEachClickProperBetValueIsSet" time="8.073" classname="MachineBetTest"/>
  <testcase name="testIfInitialBetValueIs1" time="0.671" classname="MachineBetTest"/>
</testsuite>
